Build started 2013-11-27 02:28:18.
     1>Project "C:\Users\root\Documents\Visual Studio 2012\Projects\CUDA.Core\CUDA.Core\CUDA.Core.vcxproj" on node 2 (Build target(s)).
     1>AddCudaCompileDeps:
         C:\Program Files (x86)\Microsoft Visual Studio 11.0\VC\bin\cl.exe /E /nologo /showIncludes /TP /D__CUDACC__ /DWIN32 /D_DEBUG /D_CONSOLE /D_MBCS /I"C:\Program Files\NVIDIA GPU Computing Toolkit\CUDA\v5.5\include" /I"C:\Program Files\NVIDIA GPU Computing Toolkit\CUDA\v5.5\bin" /I"C:\Program Files\NVIDIA GPU Computing Toolkit\CUDA\v5.5\include" /I. /FIcuda_runtime.h /c "C:\Users\root\Documents\Visual Studio 2012\Projects\CUDA.Core\CUDA.Core\kernel.cu" 
       CudaBuild:
         Compiling CUDA source file kernel.cu...
         cmd.exe /C "C:\Users\root\AppData\Local\Temp\tmp43e95bca440b4f57b7aff32268e8c89c.cmd"
         "C:\Program Files\NVIDIA GPU Computing Toolkit\CUDA\v5.5\bin\nvcc.exe" -gencode=arch=compute_10,code=\"sm_10,compute_10\" --use-local-env --cl-version 2012 -ccbin "C:\Program Files (x86)\Microsoft Visual Studio 11.0\VC\bin"  -I"C:\Program Files\NVIDIA GPU Computing Toolkit\CUDA\v5.5\include" -I"C:\Program Files\NVIDIA GPU Computing Toolkit\CUDA\v5.5\include"  -G   --keep-dir Debug -maxrregcount=0  --machine 32 --compile -cudart static  -g   -DWIN32 -D_DEBUG -D_CONSOLE -D_MBCS -Xcompiler "/EHsc /W3 /nologo /Od /Zi /RTC1 /MDd  " -o Debug\kernel.cu.obj "C:\Users\root\Documents\Visual Studio 2012\Projects\CUDA.Core\CUDA.Core\kernel.cu"
         
         C:\Users\root\Documents\Visual Studio 2012\Projects\CUDA.Core\CUDA.Core>"C:\Program Files\NVIDIA GPU Computing Toolkit\CUDA\v5.5\bin\nvcc.exe" -gencode=arch=compute_10,code=\"sm_10,compute_10\" --use-local-env --cl-version 2012 -ccbin "C:\Program Files (x86)\Microsoft Visual Studio 11.0\VC\bin"  -I"C:\Program Files\NVIDIA GPU Computing Toolkit\CUDA\v5.5\include" -I"C:\Program Files\NVIDIA GPU Computing Toolkit\CUDA\v5.5\include"  -G   --keep-dir Debug -maxrregcount=0  --machine 32 --compile -cudart static  -g   -DWIN32 -D_DEBUG -D_CONSOLE -D_MBCS -Xcompiler "/EHsc /W3 /nologo /Od /Zi /RTC1 /MDd  " -o Debug\kernel.cu.obj "C:\Users\root\Documents\Visual Studio 2012\Projects\CUDA.Core\CUDA.Core\kernel.cu" 
     1>C:/Users/root/Documents/Visual Studio 2012/Projects/CUDA.Core/CUDA.Core/kernel.cu(14): warning : expression has no effect
     1>C:/Users/root/Documents/Visual Studio 2012/Projects/CUDA.Core/CUDA.Core/kernel.cu(11): warning : variable "i" was set but never used
     1>C:/Users/root/Documents/Visual Studio 2012/Projects/CUDA.Core/CUDA.Core/kernel.cu(38): warning : expression has no effect
     1>C:/Users/root/Documents/Visual Studio 2012/Projects/CUDA.Core/CUDA.Core/kernel.cu(71): warning : expression has no effect
     1>C:/Users/root/Documents/Visual Studio 2012/Projects/CUDA.Core/CUDA.Core/kernel.cu(14): warning : expression has no effect
     1>C:/Users/root/Documents/Visual Studio 2012/Projects/CUDA.Core/CUDA.Core/kernel.cu(11): warning : variable "i" was set but never used
     1>C:/Users/root/Documents/Visual Studio 2012/Projects/CUDA.Core/CUDA.Core/kernel.cu(38): warning : expression has no effect
     1>C:/Users/root/Documents/Visual Studio 2012/Projects/CUDA.Core/CUDA.Core/kernel.cu(71): warning : expression has no effect
     1>C:/Users/root/Documents/Visual Studio 2012/Projects/CUDA.Core/CUDA.Core/kernel.cu(34): warning C4018: '<' : signed/unsigned mismatch
     1>C:/Users/root/Documents/Visual Studio 2012/Projects/CUDA.Core/CUDA.Core/kernel.cu(36): warning C4018: '<' : signed/unsigned mismatch
     1>C:/Users/root/Documents/Visual Studio 2012/Projects/CUDA.Core/CUDA.Core/kernel.cu(67): warning C4018: '<' : signed/unsigned mismatch
     1>C:/Users/root/Documents/Visual Studio 2012/Projects/CUDA.Core/CUDA.Core/kernel.cu(69): warning C4018: '<' : signed/unsigned mismatch
       Link:
         C:\Program Files (x86)\Microsoft Visual Studio 11.0\VC\bin\link.exe /ERRORREPORT:PROMPT /OUT:"C:\Users\root\Documents\Visual Studio 2012\Projects\CUDA.Core\Debug\CUDA.Core.exe" /INCREMENTAL /NOLOGO /LIBPATH:"C:\Program Files\NVIDIA GPU Computing Toolkit\CUDA\v5.5\lib\Win32" cudart.lib kernel32.lib user32.lib gdi32.lib winspool.lib comdlg32.lib advapi32.lib shell32.lib ole32.lib oleaut32.lib uuid.lib odbc32.lib odbccp32.lib kernel32.lib user32.lib gdi32.lib winspool.lib comdlg32.lib advapi32.lib shell32.lib ole32.lib oleaut32.lib uuid.lib odbc32.lib odbccp32.lib /MANIFEST /MANIFESTUAC:"level='asInvoker' uiAccess='false'" /manifest:embed /DEBUG /PDB:"C:\Users\root\Documents\Visual Studio 2012\Projects\CUDA.Core\Debug\CUDA.Core.pdb" /SUBSYSTEM:CONSOLE /TLBID:1 /DYNAMICBASE /NXCOMPAT /IMPLIB:"C:\Users\root\Documents\Visual Studio 2012\Projects\CUDA.Core\Debug\CUDA.Core.lib" /MACHINE:X86 Debug\kernel.cu.obj
         Debug\bmploader.obj
         CUDA.Core.vcxproj -> C:\Users\root\Documents\Visual Studio 2012\Projects\CUDA.Core\Debug\CUDA.Core.exe
       PostBuildEvent:
         echo copy "C:\Program Files\NVIDIA GPU Computing Toolkit\CUDA\v5.5\bin\cudart*.dll" "C:\Users\root\Documents\Visual Studio 2012\Projects\CUDA.Core\Debug\"
         copy "C:\Program Files\NVIDIA GPU Computing Toolkit\CUDA\v5.5\bin\cudart*.dll" "C:\Users\root\Documents\Visual Studio 2012\Projects\CUDA.Core\Debug\"
         :VCEnd
         copy "C:\Program Files\NVIDIA GPU Computing Toolkit\CUDA\v5.5\bin\cudart*.dll" "C:\Users\root\Documents\Visual Studio 2012\Projects\CUDA.Core\Debug\"
         C:\Program Files\NVIDIA GPU Computing Toolkit\CUDA\v5.5\bin\cudart32_55.dll
         C:\Program Files\NVIDIA GPU Computing Toolkit\CUDA\v5.5\bin\cudart64_55.dll
         Liczba skopiowanych plików:         2.
     1>Done Building Project "C:\Users\root\Documents\Visual Studio 2012\Projects\CUDA.Core\CUDA.Core\CUDA.Core.vcxproj" (Build target(s)).

Build succeeded.

Time Elapsed 00:00:03.14
