C:\USERS\ROOT\DOCUMENTS\VISUAL STUDIO 2012\PROJECTS\CUDA.CORE\CUDA.CORE\DEBUG\BMPLOADER.OBJ
C:\USERS\ROOT\DOCUMENTS\VISUAL STUDIO 2012\PROJECTS\CUDA.CORE\CUDA.CORE\DEBUG\VC110.PDB
C:\USERS\ROOT\DOCUMENTS\VISUAL STUDIO 2012\PROJECTS\CUDA.CORE\DEBUG\CUDA.CORE.ILK
C:\USERS\ROOT\DOCUMENTS\VISUAL STUDIO 2012\PROJECTS\CUDA.CORE\DEBUG\CUDA.CORE.EXE
C:\USERS\ROOT\DOCUMENTS\VISUAL STUDIO 2012\PROJECTS\CUDA.CORE\DEBUG\CUDA.CORE.PDB
C:\Users\root\Documents\Visual Studio 2012\Projects\CUDA.Core\CUDA.Core\Debug\kernel.cu.cache
C:\Users\root\Documents\Visual Studio 2012\Projects\CUDA.Core\CUDA.Core\Debug\bmploader.obj
C:\Users\root\Documents\Visual Studio 2012\Projects\CUDA.Core\CUDA.Core\Debug\kernel.cu.obj
C:\Users\root\Documents\Visual Studio 2012\Projects\CUDA.Core\CUDA.Core\Debug\cl.command.1.tlog
C:\Users\root\Documents\Visual Studio 2012\Projects\CUDA.Core\CUDA.Core\Debug\CL.read.1.tlog
C:\Users\root\Documents\Visual Studio 2012\Projects\CUDA.Core\CUDA.Core\Debug\CL.write.1.tlog
C:\Users\root\Documents\Visual Studio 2012\Projects\CUDA.Core\CUDA.Core\Debug\link-cvtres.read.1.tlog
C:\Users\root\Documents\Visual Studio 2012\Projects\CUDA.Core\CUDA.Core\Debug\link-cvtres.write.1.tlog
C:\Users\root\Documents\Visual Studio 2012\Projects\CUDA.Core\CUDA.Core\Debug\link-rc.read.1.tlog
C:\Users\root\Documents\Visual Studio 2012\Projects\CUDA.Core\CUDA.Core\Debug\link-rc.write.1.tlog
C:\Users\root\Documents\Visual Studio 2012\Projects\CUDA.Core\CUDA.Core\Debug\link.3188-cvtres.read.1.tlog
C:\Users\root\Documents\Visual Studio 2012\Projects\CUDA.Core\CUDA.Core\Debug\link.3188-cvtres.write.1.tlog
C:\Users\root\Documents\Visual Studio 2012\Projects\CUDA.Core\CUDA.Core\Debug\link.3188-rc.read.1.tlog
C:\Users\root\Documents\Visual Studio 2012\Projects\CUDA.Core\CUDA.Core\Debug\link.3188-rc.write.1.tlog
C:\Users\root\Documents\Visual Studio 2012\Projects\CUDA.Core\CUDA.Core\Debug\link.3188.read.1.tlog
C:\Users\root\Documents\Visual Studio 2012\Projects\CUDA.Core\CUDA.Core\Debug\link.3188.write.1.tlog
C:\Users\root\Documents\Visual Studio 2012\Projects\CUDA.Core\CUDA.Core\Debug\link.4364-cvtres.read.1.tlog
C:\Users\root\Documents\Visual Studio 2012\Projects\CUDA.Core\CUDA.Core\Debug\link.4364-cvtres.write.1.tlog
C:\Users\root\Documents\Visual Studio 2012\Projects\CUDA.Core\CUDA.Core\Debug\link.4364-rc.read.1.tlog
C:\Users\root\Documents\Visual Studio 2012\Projects\CUDA.Core\CUDA.Core\Debug\link.4364-rc.write.1.tlog
C:\Users\root\Documents\Visual Studio 2012\Projects\CUDA.Core\CUDA.Core\Debug\link.4364.read.1.tlog
C:\Users\root\Documents\Visual Studio 2012\Projects\CUDA.Core\CUDA.Core\Debug\link.4364.write.1.tlog
C:\Users\root\Documents\Visual Studio 2012\Projects\CUDA.Core\CUDA.Core\Debug\link.5540-cvtres.read.1.tlog
C:\Users\root\Documents\Visual Studio 2012\Projects\CUDA.Core\CUDA.Core\Debug\link.5540-cvtres.write.1.tlog
C:\Users\root\Documents\Visual Studio 2012\Projects\CUDA.Core\CUDA.Core\Debug\link.5540-rc.read.1.tlog
C:\Users\root\Documents\Visual Studio 2012\Projects\CUDA.Core\CUDA.Core\Debug\link.5540-rc.write.1.tlog
C:\Users\root\Documents\Visual Studio 2012\Projects\CUDA.Core\CUDA.Core\Debug\link.5540.read.1.tlog
C:\Users\root\Documents\Visual Studio 2012\Projects\CUDA.Core\CUDA.Core\Debug\link.5540.write.1.tlog
C:\Users\root\Documents\Visual Studio 2012\Projects\CUDA.Core\CUDA.Core\Debug\link.5916-cvtres.read.1.tlog
C:\Users\root\Documents\Visual Studio 2012\Projects\CUDA.Core\CUDA.Core\Debug\link.5916-cvtres.write.1.tlog
C:\Users\root\Documents\Visual Studio 2012\Projects\CUDA.Core\CUDA.Core\Debug\link.5916-rc.read.1.tlog
C:\Users\root\Documents\Visual Studio 2012\Projects\CUDA.Core\CUDA.Core\Debug\link.5916-rc.write.1.tlog
C:\Users\root\Documents\Visual Studio 2012\Projects\CUDA.Core\CUDA.Core\Debug\link.5916.read.1.tlog
C:\Users\root\Documents\Visual Studio 2012\Projects\CUDA.Core\CUDA.Core\Debug\link.5916.write.1.tlog
C:\Users\root\Documents\Visual Studio 2012\Projects\CUDA.Core\CUDA.Core\Debug\link.command.1.tlog
C:\Users\root\Documents\Visual Studio 2012\Projects\CUDA.Core\CUDA.Core\Debug\link.read.1.tlog
C:\Users\root\Documents\Visual Studio 2012\Projects\CUDA.Core\CUDA.Core\Debug\link.write.1.tlog
C:\Users\root\Documents\Visual Studio 2012\Projects\CUDA.Core\CUDA.Core\Debug\vc110.idb
C:\Users\root\Documents\Visual Studio 2012\Projects\CUDA.Core\CUDA.Core\Debug\vc110.pdb
C:\Users\root\Documents\Visual Studio 2012\Projects\CUDA.Core\Debug\CUDA.Core.pdb
C:\Users\root\Documents\Visual Studio 2012\Projects\CUDA.Core\Debug\CUDA.Core.exe
C:\Users\root\Documents\Visual Studio 2012\Projects\CUDA.Core\Debug\CUDA.Core.ilk
